<?xml version="1.0" encoding="UTF-8"?>
<!-- Generated by org.testng.reporters.JUnitReportReporter -->
<testsuite skipped="0" hostname="CHARANS7" name="dataProvider.ToReadDataFromExcelToDemoWebShop" tests="4" failures="0" timestamp="2023-01-13T10:29:08 IST" time="21.838" errors="0">
  <testcase name="test" time="5.371" classname="dataProvider.ToReadDataFromExcelToDemoWebShop"/>
  <system-out/>
  <testcase name="test" time="5.432" classname="dataProvider.ToReadDataFromExcelToDemoWebShop"/>
  <system-out/>
  <testcase name="test" time="5.534" classname="dataProvider.ToReadDataFromExcelToDemoWebShop"/>
  <system-out/>
  <testcase name="test" time="5.501" classname="dataProvider.ToReadDataFromExcelToDemoWebShop"/>
  <system-out/>
</testsuite> <!-- dataProvider.ToReadDataFromExcelToDemoWebShop -->
