<?xml version="1.0" encoding="UTF-8"?>
<!-- Generated by org.testng.reporters.JUnitReportReporter -->
<testsuite skipped="0" hostname="CHARANS7" name="viaUsingPom.genderMaleRadioButton" tests="1" failures="0" timestamp="2023-01-16T11:20:26 IST" time="0.110" errors="0">
  <testcase name="maleRadioButton" time="0.110" classname="viaUsingPom.genderMaleRadioButton"/>
  <system-out/>
</testsuite> <!-- viaUsingPom.genderMaleRadioButton -->
