<?xml version="1.0" encoding="UTF-8"?>
<!-- Generated by org.testng.reporters.JUnitReportReporter -->
<testsuite skipped="0" hostname="CHARANS7" name="TestNgBatchExecution.Tc_bikes3" tests="1" failures="0" timestamp="2023-01-13T10:14:00 IST" time="4.466" errors="0">
  <testcase name="triumphSeries" time="4.466" classname="TestNgBatchExecution.Tc_bikes3"/>
  <system-out/>
</testsuite> <!-- TestNgBatchExecution.Tc_bikes3 -->
