<?xml version="1.0" encoding="UTF-8"?>
<!-- Generated by org.testng.reporters.JUnitReportReporter -->
<testsuite skipped="0" hostname="CHARANS7" name="workingWithTestNg.testCasesOrder" tests="3" failures="0" timestamp="2023-01-02T15:50:43 IST" time="29.542" errors="0">
  <testcase name="deleteAccount" time="22.272" classname="workingWithTestNg.testCasesOrder"/>
  <system-out/>
  <testcase name="createAccount" time="4.085" classname="workingWithTestNg.testCasesOrder"/>
  <system-out/>
  <testcase name="modifyAccount" time="3.185" classname="workingWithTestNg.testCasesOrder"/>
  <system-out/>
</testsuite> <!-- workingWithTestNg.testCasesOrder -->
