<?xml version="1.0" encoding="UTF-8"?>
<!-- Generated by org.testng.reporters.JUnitReportReporter -->
<testsuite skipped="0" hostname="CHARANS7" name="viaUsingPom.Tc_002genderFemaleradioButton" tests="1" failures="0" timestamp="2023-01-18T14:21:12 IST" time="0.075" errors="0">
  <testcase name="femalegenderRadioButton" time="0.075" classname="viaUsingPom.Tc_002genderFemaleradioButton"/>
  <system-out/>
</testsuite> <!-- viaUsingPom.Tc_002genderFemaleradioButton -->
