<?xml version="1.0" encoding="UTF-8"?>
<!-- Generated by org.testng.reporters.JUnitReportReporter -->
<testsuite skipped="0" hostname="CHARANS7" name="testNgCars.ParameterPassing" tests="1" failures="0" timestamp="2023-01-10T15:22:19 IST" time="3.632" errors="0">
  <testcase name="mvagusta" time="3.632" classname="testNgCars.ParameterPassing"/>
  <system-out/>
</testsuite> <!-- testNgCars.ParameterPassing -->
