<?xml version="1.0" encoding="UTF-8"?>
<!-- Generated by org.testng.reporters.JUnitReportReporter -->
<testsuite skipped="0" hostname="CHARANS7" name="dataProvider.ReadingDataFromExcelForDifferentData" tests="4" failures="0" timestamp="2023-01-11T11:40:43 IST" time="96.663" errors="0">
  <testcase name="test" time="42.698" classname="dataProvider.ReadingDataFromExcelForDifferentData"/>
  <system-out/>
  <testcase name="test" time="11.136" classname="dataProvider.ReadingDataFromExcelForDifferentData"/>
  <system-out/>
  <testcase name="test" time="11.984" classname="dataProvider.ReadingDataFromExcelForDifferentData"/>
  <system-out/>
  <testcase name="test" time="30.845" classname="dataProvider.ReadingDataFromExcelForDifferentData"/>
  <system-out/>
</testsuite> <!-- dataProvider.ReadingDataFromExcelForDifferentData -->
