<?xml version="1.0" encoding="UTF-8"?>
<!-- Generated by org.testng.reporters.JUnitReportReporter -->
<testsuite skipped="0" hostname="CHARANS7" name="workingWithTestNg.TC_conatcts_001" tests="4" failures="0" timestamp="2023-01-10T10:46:24 IST" time="0.009" errors="0">
  <testcase name="deleteContact" time="0.001" classname="workingWithTestNg.TC_conatcts_001"/>
  <system-out>
FROM DELETE CONATACT  </system-out>
  <testcase name="editContact" time="0.001" classname="workingWithTestNg.TC_conatcts_001"/>
  <system-out>
FROM EDIT CONTACT  </system-out>
  <testcase name="modifyContact" time="0.000" classname="workingWithTestNg.TC_conatcts_001"/>
  <system-out>
FROM MODIFY CONATACT  </system-out>
  <testcase name="createContact" time="0.007" classname="workingWithTestNg.TC_conatcts_001"/>
  <system-out>
FROM CREATE CONATACT  </system-out>
</testsuite> <!-- workingWithTestNg.TC_conatcts_001 -->
