<?xml version="1.0" encoding="UTF-8"?>
<!-- Generated by org.testng.reporters.JUnitReportReporter -->
<testsuite skipped="0" hostname="CHARANS7" name="viaUsingPom.EmailTextBox" tests="1" failures="0" timestamp="2023-01-17T10:41:00 IST" time="0.555" errors="0">
  <testcase name="emailTextBox" time="0.555" classname="viaUsingPom.EmailTextBox"/>
  <system-out/>
</testsuite> <!-- viaUsingPom.EmailTextBox -->
