<?xml version="1.0" encoding="UTF-8"?>
<!-- Generated by org.testng.reporters.JUnitReportReporter -->
<testsuite skipped="0" hostname="CHARANS7" name="viaUsingPom.LastNameTextBoxToEnterNullAndCaptureErrorMessage" tests="1" failures="0" timestamp="2023-01-17T09:49:00 IST" time="0.229" errors="0">
  <testcase name="firstNameTextBox" time="0.229" classname="viaUsingPom.LastNameTextBoxToEnterNullAndCaptureErrorMessage"/>
  <system-out>
Last name is required.  </system-out>
</testsuite> <!-- viaUsingPom.LastNameTextBoxToEnterNullAndCaptureErrorMessage -->
