<?xml version="1.0" encoding="UTF-8"?>
<!-- Generated by org.testng.reporters.JUnitReportReporter -->
<testsuite skipped="0" hostname="CHARANS7" name="viaUsingPom.FirstNameTextBox" tests="1" failures="0" timestamp="2023-01-16T12:45:48 IST" time="0.130" errors="0">
  <testcase name="firstNameTextBox" time="0.130" classname="viaUsingPom.FirstNameTextBox"/>
  <system-out/>
</testsuite> <!-- viaUsingPom.FirstNameTextBox -->
