<?xml version="1.0" encoding="UTF-8"?>
<!-- Generated by org.testng.reporters.JUnitReportReporter -->
<testsuite skipped="0" hostname="CHARANS7" name="popUps.depedndencyExcecutionOrder" tests="5" failures="0" timestamp="2023-01-03T11:18:40 IST" time="0.013" errors="0">
  <testcase name="register" time="0.008" classname="popUps.depedndencyExcecutionOrder"/>
  <system-out>
From register  </system-out>
  <testcase name="deleteAccount" time="0.001" classname="popUps.depedndencyExcecutionOrder"/>
  <system-out>
From delete Account  </system-out>
  <testcase name="modifyAccount" time="0.001" classname="popUps.depedndencyExcecutionOrder"/>
  <system-out>
From Modify Account  </system-out>
  <testcase name="createAccount" time="0.001" classname="popUps.depedndencyExcecutionOrder"/>
  <system-out>
From Create Account  </system-out>
  <testcase name="amountTransfer" time="0.002" classname="popUps.depedndencyExcecutionOrder"/>
  <system-out>
From amount transfer  </system-out>
</testsuite> <!-- popUps.depedndencyExcecutionOrder -->
