<?xml version="1.0" encoding="UTF-8"?>
<!-- Generated by org.testng.reporters.JUnitReportReporter -->
<testsuite skipped="0" hostname="CHARANS7" name="assertion.UsingAssertionInActiTimeLogin" tests="1" failures="0" timestamp="2023-01-12T14:42:31 IST" time="14.203" errors="0">
  <testcase name="LoginasAdmin" time="14.203" classname="assertion.UsingAssertionInActiTimeLogin"/>
  <system-out/>
</testsuite> <!-- assertion.UsingAssertionInActiTimeLogin -->
