<?xml version="1.0" encoding="UTF-8"?>
<!-- Generated by org.testng.reporters.JUnitReportReporter -->
<testsuite skipped="0" hostname="CHARANS7" name="dataProvider.ToEneterCerdentialsFromExcelActitime" tests="2" failures="0" timestamp="2023-01-11T12:58:59 IST" time="18.478" errors="0">
  <testcase name="test" time="9.458" classname="dataProvider.ToEneterCerdentialsFromExcelActitime"/>
  <system-out/>
  <testcase name="test" time="9.020" classname="dataProvider.ToEneterCerdentialsFromExcelActitime"/>
  <system-out/>
</testsuite> <!-- dataProvider.ToEneterCerdentialsFromExcelActitime -->
