<?xml version="1.0" encoding="UTF-8"?>
<!-- Generated by org.testng.reporters.JUnitReportReporter -->
<testsuite skipped="0" hostname="CHARANS7" name="viaUsingPom.genderFemaleradioButton" tests="1" failures="0" timestamp="2023-01-16T12:09:11 IST" time="0.064" errors="0">
  <testcase name="femalegenderRadioButton" time="0.064" classname="viaUsingPom.genderFemaleradioButton"/>
  <system-out/>
</testsuite> <!-- viaUsingPom.genderFemaleradioButton -->
