<?xml version="1.0" encoding="UTF-8"?>
<!-- Generated by org.testng.reporters.JUnitReportReporter -->
<testsuite skipped="0" hostname="CHARANS7" name="viaUsingPom.EmailtextBoxErrorMsg" tests="1" failures="0" timestamp="2023-01-17T10:09:53 IST" time="0.301" errors="0">
  <testcase name="emailTextBoxErrorMsg" time="0.301" classname="viaUsingPom.EmailtextBoxErrorMsg"/>
  <system-out>
Wrong email  </system-out>
</testsuite> <!-- viaUsingPom.EmailtextBoxErrorMsg -->
