<?xml version="1.0" encoding="UTF-8"?>
<!-- Generated by org.testng.reporters.JUnitReportReporter -->
<testsuite skipped="0" hostname="CHARANS7" name="dataProvider.ToReadFromActiTime" tests="2" failures="0" timestamp="2023-01-11T12:05:00 IST" time="65.849" errors="0">
  <testcase name="test" time="54.101" classname="dataProvider.ToReadFromActiTime"/>
  <system-out/>
  <testcase name="test" time="11.748" classname="dataProvider.ToReadFromActiTime"/>
  <system-out/>
</testsuite> <!-- dataProvider.ToReadFromActiTime -->
