<?xml version="1.0" encoding="UTF-8"?>
<!-- Generated by org.testng.reporters.JUnitReportReporter -->
<testsuite skipped="0" hostname="CHARANS7" name="testNgCars.Tc_cars1" tests="1" failures="0" timestamp="2023-01-13T10:14:00 IST" time="3.360" errors="0">
  <testcase name="bmwSeries" time="3.360" classname="testNgCars.Tc_cars1"/>
  <system-out/>
</testsuite> <!-- testNgCars.Tc_cars1 -->
