<?xml version="1.0" encoding="UTF-8"?>
<!-- Generated by org.testng.reporters.JUnitReportReporter -->
<testsuite skipped="0" hostname="CHARANS7" name="viaUsingPom.LastNametextBox" tests="1" failures="0" timestamp="2023-01-17T09:51:05 IST" time="0.189" errors="0">
  <testcase name="lastNameTextBox" time="0.189" classname="viaUsingPom.LastNametextBox"/>
  <system-out/>
</testsuite> <!-- viaUsingPom.LastNametextBox -->
